<?xml version="1.0" encoding="UTF-8"?>
<testsuite name="TestSuite" time="51.274" tests="14" errors="0" skipped="0" failures="1">
  <properties>
[...]
</properties>
  <testcase name="Login" classname="MMP.MMPDemo" time="3.358"/>
  <testcase name="EditProfile" classname="MMP.MMPDemo" time="11.336"/>
  <testcase name="PastTransaction" classname="MMP.MMPDemo" time="1.777"/>
  <testcase name="PastAppointment" classname="MMP.MMPDemo" time="5.476"/>
  <testcase name="Diagnosis" classname="MMP.MMPDemo" time="2.518"/>
  <testcase name="Prescription" classname="MMP.MMPDemo" time="2.562"/>
  <testcase name="SearchSymptoms" classname="MMP.MMPDemo" time="1.972"/>
  <testcase name="SearchInvalidSymptoms" classname="MMP.MMPDemo" time="1.792">
    <failure message="Unable to locate element: .//*[@id=&apos;show&apos;]/table/tbody/tr/td[3]&#10;For documentation on this error, please visit: http://seleniumhq.org/exceptions/no_such_element.html&#10;Build info: version: &apos;3.5.3&apos;, revision: &apos;a88d25fe6b&apos;, time: &apos;2017-08-29T12:42:44.417Z&apos;&#10;System info: host: &apos;DESKTOP-AI8SO4K&apos;, ip: &apos;192.168.93.1&apos;, os.name: &apos;Windows 10&apos;, os.arch: &apos;amd64&apos;, os.version: &apos;10.0&apos;, java.version: &apos;1.8.0_131&apos;&#10;Driver info: org.openqa.selenium.firefox.FirefoxDriver&#10;Capabilities [{moz:profile=C:\Users\srira\AppData\Local\Temp\rust_mozprofile.15IyeaYoK2sd, rotatable=false, timeouts={implicit=0, pageLoad=300000, script=30000}, pageLoadStrategy=normal, platform=XP, specificationLevel=0, moz:accessibilityChecks=false, acceptInsecureCerts=false, browserVersion=55.0.3, platformVersion=10.0, moz:processID=14784, browserName=firefox, javascriptEnabled=true, platformName=XP}]&#10;Session ID: db43272a-010c-4fe4-ab25-5dc511ab08a8&#10;*** Element info: {Using=xpath, value=.//*[@id=&apos;show&apos;]/table/tbody/tr/td[3]}" type="org.openqa.selenium.NoSuchElementException">org.openqa.selenium.NoSuchElementException: Unable to locate element: .//*[@id='show']/table/tbody/tr/td[3]
For documentation on this error, please visit: http://seleniumhq.org/exceptions/no_such_element.html
Build info: version: '3.5.3', revision: 'a88d25fe6b', time: '2017-08-29T12:42:44.417Z'
System info: host: 'DESKTOP-AI8SO4K', ip: '192.168.93.1', os.name: 'Windows 10', os.arch: 'amd64', os.version: '10.0', java.version: '1.8.0_131'
Driver info: org.openqa.selenium.firefox.FirefoxDriver
Capabilities [{moz:profile=C:\Users\srira\AppData\Local\Temp\rust_mozprofile.15IyeaYoK2sd, rotatable=false, timeouts={implicit=0, pageLoad=300000, script=30000}, pageLoadStrategy=normal, platform=XP, specificationLevel=0, moz:accessibilityChecks=false, acceptInsecureCerts=false, browserVersion=55.0.3, platformVersion=10.0, moz:processID=14784, browserName=firefox, javascriptEnabled=true, platformName=XP}]
Session ID: db43272a-010c-4fe4-ab25-5dc511ab08a8
*** Element info: {Using=xpath, value=.//*[@id='show']/table/tbody/tr/td[3]}
	at sun.reflect.NativeConstructorAccessorImpl.newInstance0(Native Method)
	at sun.reflect.NativeConstructorAccessorImpl.newInstance(NativeConstructorAccessorImpl.java:62)
	at sun.reflect.DelegatingConstructorAccessorImpl.newInstance(DelegatingConstructorAccessorImpl.java:45)
	at java.lang.reflect.Constructor.newInstance(Constructor.java:423)
	at org.openqa.selenium.remote.http.W3CHttpResponseCodec.createException(W3CHttpResponseCodec.java:185)
	at org.openqa.selenium.remote.http.W3CHttpResponseCodec.decode(W3CHttpResponseCodec.java:120)
	at org.openqa.selenium.remote.http.W3CHttpResponseCodec.decode(W3CHttpResponseCodec.java:49)
	at org.openqa.selenium.remote.HttpCommandExecutor.execute(HttpCommandExecutor.java:164)
	at org.openqa.selenium.remote.service.DriverCommandExecutor.execute(DriverCommandExecutor.java:82)
	at org.openqa.selenium.remote.RemoteWebDriver.execute(RemoteWebDriver.java:646)
	at org.openqa.selenium.remote.RemoteWebDriver.findElement(RemoteWebDriver.java:416)
	at org.openqa.selenium.remote.RemoteWebDriver.findElementByXPath(RemoteWebDriver.java:518)
	at org.openqa.selenium.By$ByXPath.findElement(By.java:361)
	at org.openqa.selenium.remote.RemoteWebDriver.findElement(RemoteWebDriver.java:408)
	at MMP.MMPSearchSymptoms.Symptoms(MMPSearchSymptoms.java:18)
	at MMP.MMPDemo.SearchInvalidSymptoms(MMPDemo.java:121)
</failure>
    <system-err><![CDATA[JavaScript warning: http://code.jquery.com/jquery-1.10.2.min.js, line 1: Using //@ to indicate sourceMappingURL pragmas is deprecated. Use //# instead
JavaScript error: http://96.84.175.78/MMP-Release2-Integrated-Build.6.8.000/portal/js/morris-0.4.3.min.js, line 1: Error: Graph placeholder not found.
JavaScript error: http://96.84.175.78/MMP-Release2-Integrated-Build.6.8.000/portal/js/bootstrap-switch.js, line 250: TypeError: $(...) is null
]]></system-err>
  </testcase>
  <testcase name="Fees" classname="MMP.MMPDemo" time="0.881"/>
  <testcase name="invalidEditProfile" classname="MMP.MMPDemo" time="3.414"/>
  <testcase name="Reports" classname="MMP.MMPDemo" time="4.677"/>
  <testcase name="Logout" classname="MMP.MMPDemo" time="3.893"/>
  <testcase name="invalidLogin" classname="MMP.MMPDemo" time="4.34"/>
  <testcase name="blankLogin" classname="MMP.MMPDemo" time="3.278"/>
</testsuite>